<?xml version="1.0" encoding="UTF-8"?>
<testng-results skipped="0" failed="0" ignored="0" total="1" passed="1">
  <reporter-output>
  </reporter-output>
  <suite name="Default suite" duration-ms="8297" started-at="2022-09-21T03:24:29Z" finished-at="2022-09-21T03:24:37Z">
    <groups>
    </groups>
    <test name="Default test" duration-ms="8297" started-at="2022-09-21T03:24:29Z" finished-at="2022-09-21T03:24:37Z">
      <class name="testPackage.HomePageTest">
        <test-method status="PASS" signature="setup()[pri:0, instance:testPackage.HomePageTest@78b66d36]" name="setup" is-config="true" duration-ms="4114" started-at="2022-09-21T03:24:29Z" finished-at="2022-09-21T03:24:33Z">
          <reporter-output>
          </reporter-output>
        </test-method> <!-- setup -->
        <test-method status="PASS" signature="clickSearchFieldTest()[pri:0, instance:testPackage.HomePageTest@78b66d36]" name="clickSearchFieldTest" duration-ms="4044" started-at="2022-09-21T03:24:33Z" finished-at="2022-09-21T03:24:37Z">
          <reporter-output>
          </reporter-output>
        </test-method> <!-- clickSearchFieldTest -->
        <test-method status="PASS" signature="tearup()[pri:0, instance:testPackage.HomePageTest@78b66d36]" name="tearup" is-config="true" duration-ms="113" started-at="2022-09-21T03:24:37Z" finished-at="2022-09-21T03:24:37Z">
          <reporter-output>
          </reporter-output>
        </test-method> <!-- tearup -->
      </class> <!-- testPackage.HomePageTest -->
    </test> <!-- Default test -->
  </suite> <!-- Default suite -->
</testng-results>
